# JRE version: OpenJDK Runtime Environment (21.0+35) (build 21+35-2513)
# Java VM: OpenJDK 64-Bit Server VM (21+35-2513, mixed mode, emulated-client, sharing, tiered, compressed oops, compressed class ptrs, g1 gc, windows-amd64)
GC Precious Log:
 CardTable entry size: 512
 Card Set container configuration: InlinePtr #cards 5 size 8 Array Of Cards #cards 12 size 40 Howl #buckets 4 coarsen threshold 1843 Howl Bitmap #cards 512 size 80 coarsen threshold 460 Card regions per heap region 1 cards per card region 2048
 CPUs: 12 total, 12 available
 Memory: 7521M
 Large Page Support: Disabled
 NUMA Support: Disabled
 Compressed Oops: Enabled (32-bit)
 Heap Region Size: 1M
 Heap Min Capacity: 8M
 Heap Initial Capacity: 118M
 Heap Max Capacity: 1882M
 Pre-touch: Disabled
 Parallel Workers: 10
 Concurrent Workers: 3
 Concurrent Refinement Workers: 10
 Periodic GC: Disabled
Heap:
 garbage-first heap   total 61440K, used 34483K [0x000000008a600000, 0x0000000100000000)
  region size 1024K, 12 young (12288K), 4 survivors (4096K)
 Metaspace       used 63279K, committed 64064K, reserved 1114112K
  class space    used 9058K, committed 9408K, reserved 1048576K
GC Heap History (20 events):
Event: 1.688 GC heap before
{Heap before GC invocations=2 (full 0):
 garbage-first heap   total 120832K, used 48145K [0x000000008a600000, 0x0000000100000000)
  region size 1024K, 42 young (43008K), 3 survivors (3072K)
 Metaspace       used 20579K, committed 20928K, reserved 1114112K
  class space    used 2709K, committed 2880K, reserved 1048576K
}
Event: 1.692 GC heap after
{Heap after GC invocations=3 (full 0):
 garbage-first heap   total 120832K, used 13907K [0x000000008a600000, 0x0000000100000000)
  region size 1024K, 6 young (6144K), 6 survivors (6144K)
 Metaspace       used 20579K, committed 20928K, reserved 1114112K
  class space    used 2709K, committed 2880K, reserved 1048576K
}
Event: 2.082 GC heap before
{Heap before GC invocations=4 (full 0):
 garbage-first heap   total 51200K, used 38483K [0x000000008a600000, 0x0000000100000000)
  region size 1024K, 30 young (30720K), 6 survivors (6144K)
 Metaspace       used 23006K, committed 23488K, reserved 1114112K
  class space    used 3073K, committed 3328K, reserved 1048576K
}
Event: 2.086 GC heap after
{Heap after GC invocations=5 (full 0):
 garbage-first heap   total 51200K, used 15146K [0x000000008a600000, 0x0000000100000000)
  region size 1024K, 2 young (2048K), 2 survivors (2048K)
 Metaspace       used 23006K, committed 23488K, reserved 1114112K
  class space    used 3073K, committed 3328K, reserved 1048576K
}
Event: 2.467 GC heap before
{Heap before GC invocations=5 (full 0):
 garbage-first heap   total 51200K, used 38698K [0x000000008a600000, 0x0000000100000000)
  region size 1024K, 25 young (25600K), 2 survivors (2048K)
 Metaspace       used 26621K, committed 27200K, reserved 1114112K
  class space    used 3670K, committed 3968K, reserved 1048576K
}
Event: 2.469 GC heap after
{Heap after GC invocations=6 (full 0):
 garbage-first heap   total 51200K, used 17483K [0x000000008a600000, 0x0000000100000000)
  region size 1024K, 4 young (4096K), 4 survivors (4096K)
 Metaspace       used 26621K, committed 27200K, reserved 1114112K
  class space    used 3670K, committed 3968K, reserved 1048576K
}
Event: 2.779 GC heap before
{Heap before GC invocations=6 (full 0):
 garbage-first heap   total 51200K, used 38987K [0x000000008a600000, 0x0000000100000000)
  region size 1024K, 26 young (26624K), 4 survivors (4096K)
 Metaspace       used 30565K, committed 31104K, reserved 1114112K
  class space    used 4089K, committed 4352K, reserved 1048576K
}
Event: 2.783 GC heap after
{Heap after GC invocations=7 (full 0):
 garbage-first heap   total 51200K, used 19759K [0x000000008a600000, 0x0000000100000000)
  region size 1024K, 3 young (3072K), 3 survivors (3072K)
 Metaspace       used 30565K, committed 31104K, reserved 1114112K
  class space    used 4089K, committed 4352K, reserved 1048576K
}
Event: 3.013 GC heap before
{Heap before GC invocations=7 (full 0):
 garbage-first heap   total 51200K, used 34095K [0x000000008a600000, 0x0000000100000000)
  region size 1024K, 18 young (18432K), 3 survivors (3072K)
 Metaspace       used 34220K, committed 34880K, reserved 1114112K
  class space    used 4536K, committed 4864K, reserved 1048576K
}
Event: 3.015 GC heap after
{Heap after GC invocations=8 (full 0):
 garbage-first heap   total 61440K, used 20574K [0x000000008a600000, 0x0000000100000000)
  region size 1024K, 1 young (1024K), 1 survivors (1024K)
 Metaspace       used 34220K, committed 34880K, reserved 1114112K
  class space    used 4536K, committed 4864K, reserved 1048576K
}
Event: 3.554 GC heap before
{Heap before GC invocations=9 (full 0):
 garbage-first heap   total 61440K, used 50270K [0x000000008a600000, 0x0000000100000000)
  region size 1024K, 30 young (30720K), 1 survivors (1024K)
 Metaspace       used 40994K, committed 41728K, reserved 1114112K
  class space    used 5620K, committed 5952K, reserved 1048576K
}
Event: 3.555 GC heap after
{Heap after GC invocations=10 (full 0):
 garbage-first heap   total 61440K, used 21867K [0x000000008a600000, 0x0000000100000000)
  region size 1024K, 3 young (3072K), 3 survivors (3072K)
 Metaspace       used 40994K, committed 41728K, reserved 1114112K
  class space    used 5620K, committed 5952K, reserved 1048576K
}
Event: 4.092 GC heap before
{Heap before GC invocations=10 (full 0):
 garbage-first heap   total 61440K, used 50539K [0x000000008a600000, 0x0000000100000000)
  region size 1024K, 32 young (32768K), 3 survivors (3072K)
 Metaspace       used 49813K, committed 50496K, reserved 1114112K
  class space    used 6873K, committed 7168K, reserved 1048576K
}
Event: 4.094 GC heap after
{Heap after GC invocations=11 (full 0):
 garbage-first heap   total 61440K, used 22818K [0x000000008a600000, 0x0000000100000000)
  region size 1024K, 3 young (3072K), 3 survivors (3072K)
 Metaspace       used 49813K, committed 50496K, reserved 1114112K
  class space    used 6873K, committed 7168K, reserved 1048576K
}
Event: 4.584 GC heap before
{Heap before GC invocations=11 (full 0):
 garbage-first heap   total 61440K, used 52514K [0x000000008a600000, 0x0000000100000000)
  region size 1024K, 32 young (32768K), 3 survivors (3072K)
 Metaspace       used 56074K, committed 56768K, reserved 1114112K
  class space    used 7878K, committed 8192K, reserved 1048576K
}
Event: 4.586 GC heap after
{Heap after GC invocations=12 (full 0):
 garbage-first heap   total 61440K, used 24310K [0x000000008a600000, 0x0000000100000000)
  region size 1024K, 3 young (3072K), 3 survivors (3072K)
 Metaspace       used 56074K, committed 56768K, reserved 1114112K
  class space    used 7878K, committed 8192K, reserved 1048576K
}
Event: 4.790 GC heap before
{Heap before GC invocations=12 (full 0):
 garbage-first heap   total 61440K, used 36598K [0x000000008a600000, 0x0000000100000000)
  region size 1024K, 16 young (16384K), 3 survivors (3072K)
 Metaspace       used 57662K, committed 58368K, reserved 1114112K
  class space    used 8109K, committed 8384K, reserved 1048576K
}
Event: 4.794 GC heap after
{Heap after GC invocations=13 (full 0):
 garbage-first heap   total 61440K, used 25840K [0x000000008a600000, 0x0000000100000000)
  region size 1024K, 4 young (4096K), 4 survivors (4096K)
 Metaspace       used 57662K, committed 58368K, reserved 1114112K
  class space    used 8109K, committed 8384K, reserved 1048576K
}
Event: 27.914 GC heap before
{Heap before GC invocations=14 (full 0):
 garbage-first heap   total 61440K, used 51440K [0x000000008a600000, 0x0000000100000000)
  region size 1024K, 30 young (30720K), 4 survivors (4096K)
 Metaspace       used 61132K, committed 61952K, reserved 1114112K
  class space    used 8625K, committed 8960K, reserved 1048576K
}
Event: 27.918 GC heap after
{Heap after GC invocations=15 (full 0):
 garbage-first heap   total 61440K, used 28339K [0x000000008a600000, 0x0000000100000000)
  region size 1024K, 4 young (4096K), 4 survivors (4096K)
 Metaspace       used 61132K, committed 61952K, reserved 1114112K
  class space    used 8625K, committed 8960K, reserved 1048576K
}

